<?xml version="1.0" encoding="UTF-8"?>
<testsuite name="com.thedesitadka.core.network.SecurityInterceptorTest" tests="2" skipped="0" failures="0" errors="0" timestamp="2026-09-17T08:43:45" hostname="HTANVIP" time="0.234">
  <properties/>
  <testcase name="testBlockPrivateIpTarget" classname="com.thedesitadka.core.network.SecurityInterceptorTest" time="0.231"/>
  <testcase name="testBlockInsecureHttpTarget" classname="com.thedesitadka.core.network.SecurityInterceptorTest" time="0.003"/>
  <system-out><![CDATA[[WARN][TheDesiTadka][UrlSecurityValidator] Rejected non-HTTPS scheme: http in http://example.com/insecure
]]></system-out>
  <system-err><![CDATA[[ERROR][TheDesiTadka][UrlSecurityValidator] SSRF attempt detected on blocked host: 127.0.0.1
[ERROR][TheDesiTadka][SecurityInterceptor] Request blocked by SSRF/Security guardrail: https://127.0.0.1/admin
[ERROR][TheDesiTadka][SecurityInterceptor] Request blocked by SSRF/Security guardrail: http://example.com/insecure
]]></system-err>
</testsuite>
