<?xml version="1.0" encoding="UTF-8"?>
<testsuite name="com.thedesitadka.core.security.ApkIntegrityManagerTest" tests="4" skipped="0" failures="0" errors="0" timestamp="2026-09-16T12:35:02" hostname="HTANVIP" time="0.068">
  <properties/>
  <testcase name="testDevelopmentDebugBuildAllowed" classname="com.thedesitadka.core.security.ApkIntegrityManagerTest" time="0.051"/>
  <testcase name="testOfficialReleaseVerificationPasses" classname="com.thedesitadka.core.security.ApkIntegrityManagerTest" time="0.004"/>
  <testcase name="testTamperedPackageRejected" classname="com.thedesitadka.core.security.ApkIntegrityManagerTest" time="0.009"/>
  <testcase name="testSha256Formatting" classname="com.thedesitadka.core.security.ApkIntegrityManagerTest" time="0.002"/>
  <system-out><![CDATA[[INFO][TheDesiTadka][ApkIntegrityManager] Integrity verified: Development debug build with test signing (Verdict: DEVELOPMENT_DEBUG)
[WARN][TheDesiTadka][ApkIntegrityManager] Integrity check warning: Untrusted signing certificate: 56:CB:75:32:A8:1D:D7:0A:B5:A9:CA:0E:22:C1:6D:85:DB:04:EB:99:CE:98:7F:DF:D3:7C:72:F3:BB:A0:43:25 (Verdict: TAMPERED_CERTIFICATE)
[WARN][TheDesiTadka][ApkIntegrityManager] Integrity check warning: Package name mismatch: actual 'com.fake.modded.app' vs expected 'com.thedesitadka.app' (Verdict: TAMPERED_PACKAGE)
]]></system-out>
  <system-err><![CDATA[]]></system-err>
</testsuite>
