<?xml version="1.0" encoding="UTF-8"?>
<testsuite name="com.thedesitadka.app.download.DownloadLifecycleTest" tests="3" skipped="0" failures="0" errors="0" timestamp="2026-09-17T09:20:01" hostname="HTANVIP" time="0.052">
  <properties/>
  <testcase name="testResumableByteRangeCalculation" classname="com.thedesitadka.app.download.DownloadLifecycleTest" time="0.024"/>
  <testcase name="testMediaSourceCapabilitySeparation" classname="com.thedesitadka.app.download.DownloadLifecycleTest" time="0.024"/>
  <testcase name="testDownloadRecordAllStateTransitions" classname="com.thedesitadka.app.download.DownloadLifecycleTest" time="0.002"/>
  <system-out><![CDATA[]]></system-out>
  <system-err><![CDATA[]]></system-err>
</testsuite>
