<?xml version="1.0" encoding="UTF-8"?>
<testsuite name="com.thedesitadka.app.monetization.ExoClickAdapterTest" tests="7" skipped="0" failures="0" errors="0" timestamp="2026-09-17T09:19:59" hostname="HTANVIP" time="0.136">
  <properties/>
  <testcase name="testLifecycleTransitions" classname="com.thedesitadka.app.monetization.ExoClickAdapterTest" time="0.009"/>
  <testcase name="testLoadAdPlayerPrerollGeneratesVastUrl" classname="com.thedesitadka.app.monetization.ExoClickAdapterTest" time="0.096"/>
  <testcase name="testLoadAdHomeFeedGeneratesValidHtml" classname="com.thedesitadka.app.monetization.ExoClickAdapterTest" time="0.025"/>
  <testcase name="testMissingZoneIdReturnsFailure" classname="com.thedesitadka.app.monetization.ExoClickAdapterTest" time="0.002"/>
  <testcase name="testObtainBearerTokenBlankReturnsNull" classname="com.thedesitadka.app.monetization.ExoClickAdapterTest" time="0.002"/>
  <testcase name="testDefaultConfigUsesSuppliedApiToken" classname="com.thedesitadka.app.monetization.ExoClickAdapterTest" time="0.0"/>
  <testcase name="testLoadAdDisabledReturnsFailure" classname="com.thedesitadka.app.monetization.ExoClickAdapterTest" time="0.001"/>
  <system-out><![CDATA[[DEBUG][TheDesiTadka][AdEventTracker] AdEvent: REQUESTED for ExoClick on player_preroll
[DEBUG][TheDesiTadka][AdEventTracker] AdEvent: LOADED for ExoClick on player_preroll (VAST URL ready)
[DEBUG][TheDesiTadka][AdEventTracker] AdEvent: REQUESTED for ExoClick on home_feed
[DEBUG][TheDesiTadka][AdEventTracker] AdEvent: LOADED for ExoClick on home_feed (Zone 5671234 ready)
[DEBUG][TheDesiTadka][AdEventTracker] AdEvent: REQUESTED for ExoClick on home_feed
[WARN][TheDesiTadka][AdEventTracker] AdEvent: FAILED for ExoClick on home_feed [Error: NO_ZONE_ID]
[DEBUG][TheDesiTadka][ExoClickAdapter] ExoClick API token not set; skipping bearer token generation
]]></system-out>
  <system-err><![CDATA[]]></system-err>
</testsuite>
