<?xml version="1.0" encoding="UTF-8"?>
<testsuite name="com.thedesitadka.app.media.PlayerPlaybackStateTest" tests="4" skipped="0" failures="0" errors="0" timestamp="2026-09-17T09:19:59" hostname="HTANVIP" time="0.004">
  <properties/>
  <testcase name="testZeroDurationSafeHandling" classname="com.thedesitadka.app.media.PlayerPlaybackStateTest" time="0.001"/>
  <testcase name="testProgressClampedToOne" classname="com.thedesitadka.app.media.PlayerPlaybackStateTest" time="0.002"/>
  <testcase name="testLiveStreamDetection" classname="com.thedesitadka.app.media.PlayerPlaybackStateTest" time="0.0"/>
  <testcase name="testProgressRatioCalculation" classname="com.thedesitadka.app.media.PlayerPlaybackStateTest" time="0.0"/>
  <system-out><![CDATA[]]></system-out>
  <system-err><![CDATA[]]></system-err>
</testsuite>
