<?xml version="1.0" encoding="UTF-8"?>
<testsuite name="com.thedesitadka.provider.ProviderEngineTest" tests="2" skipped="0" failures="0" errors="0" timestamp="2026-09-17T09:19:38" hostname="HTANVIP" time="0.015">
  <properties/>
  <testcase name="testHealthMonitorStateTransitions" classname="com.thedesitadka.provider.ProviderEngineTest" time="0.008"/>
  <testcase name="testUpdateFromManifestDynamicRegistration" classname="com.thedesitadka.provider.ProviderEngineTest" time="0.007"/>
  <system-out><![CDATA[[WARN][TheDesiTadka][HealthMonitor] Provider 'prov_1' error count: 1, status: ENABLED
[WARN][TheDesiTadka][HealthMonitor] Provider 'prov_1' error count: 2, status: DEGRADED
[WARN][TheDesiTadka][HealthMonitor] Provider 'prov_1' error count: 3, status: DEGRADED
[WARN][TheDesiTadka][HealthMonitor] Provider 'prov_1' error count: 4, status: DEGRADED
[WARN][TheDesiTadka][HealthMonitor] Provider 'prov_1' error count: 5, status: UNAVAILABLE
[INFO][TheDesiTadka][HealthMonitor] Provider 'prov_1' recovered to ENABLED
[INFO][TheDesiTadka][ProviderEngine] Loaded provider 'provider_a' with strategy 'html_selector'
[INFO][TheDesiTadka][ProviderEngine] Loaded provider 'provider_a' with strategy 'html_selector'
[INFO][TheDesiTadka][ProviderEngine] Loaded provider 'provider_b' with strategy 'rss'
[INFO][TheDesiTadka][ProviderEngine] Unloading retired provider: provider_a
[INFO][TheDesiTadka][ProviderEngine] Loaded provider 'provider_b' with strategy 'rss'
]]></system-out>
  <system-err><![CDATA[]]></system-err>
</testsuite>
